2025-11-06 13:09:43,832 - PROCESSED | https://www.duoc.cl/nosotros/sobre-duoc/ | Status: SUCCESS | Response_Time: 0.200s | Content_Length: 199832 bytes
2025-11-06 13:09:44,752 - PROCESSED | https://www.duoc.cl/escuela/diseno/ | Status: SUCCESS | Response_Time: 0.348s | Content_Length: 251457 bytes
2025-11-06 13:09:45,407 - PROCESSED | https://www.duoc.cl/calendario-academico/ | Status: SUCCESS | Response_Time: 0.235s | Content_Length: 193848 bytes
2025-11-06 13:09:46,240 - PROCESSED | https://www.duoc.cl/proyectos-servicios/ | Status: SUCCESS | Response_Time: 0.216s | Content_Length: 236683 bytes
2025-11-06 13:09:46,919 - PROCESSED | https://www.duoc.cl/alumnos/ | Status: SUCCESS | Response_Time: 0.209s | Content_Length: 200674 bytes
2025-11-06 13:09:47,715 - PROCESSED | https://www.duoc.cl/contacto/ | Status: SUCCESS | Response_Time: 0.283s | Content_Length: 205647 bytes
2025-11-06 13:09:49,819 - PROCESSED | https://www.duoc.cl/unete-a-nuestro-equipo/ | Status: SUCCESS | Response_Time: 0.273s | Content_Length: 196030 bytes
2025-11-06 13:09:50,154 - PROCESSED | https://www.duoc.cl/escuela/turismo/ | Status: SUCCESS | Response_Time: 0.197s | Content_Length: 250594 bytes
2025-11-06 13:09:50,857 - PROCESSED | https://www.duoc.cl/oferta-academica/carreras/ | Status: SUCCESS | Response_Time: 0.206s | Content_Length: 209278 bytes
2025-11-06 13:09:53,492 - PROCESSED | https://www.duoc.cl/nosotros/donde-estamos/sedes/ | Status: SUCCESS | Response_Time: 0.354s | Content_Length: 235547 bytes
2025-11-06 13:09:53,493 - PROCESSED | https://www.duoc.cl/vida-estudiantil | Status: SUCCESS | Response_Time: 0.206s | Content_Length: 270902 bytes
2025-11-06 13:09:54,388 - PROCESSED | https://www.duoc.cl/redes-sociales/ | Status: SUCCESS | Response_Time: 0.330s | Content_Length: 246366 bytes
2025-11-06 13:09:55,735 - PROCESSED | https://www.duoc.cl/sala-de-prensa/ | Status: SUCCESS | Response_Time: 0.298s | Content_Length: 225419 bytes
2025-11-06 13:09:56,124 - PROCESSED | https://www.duoc.cl/nosotros/vinculacionconelmedio/ | Status: SUCCESS | Response_Time: 0.308s | Content_Length: 210429 bytes
2025-11-06 13:09:56,538 - PROCESSED | https://www.duoc.cl/nosotros/donde-estamos/ | Status: SUCCESS | Response_Time: 0.195s | Content_Length: 237101 bytes
2025-11-06 13:09:57,701 - PROCESSED | https://www.duoc.cl/admision-convenios/ | Status: SUCCESS | Response_Time: 0.195s | Content_Length: 333599 bytes
2025-11-06 13:09:58,413 - PROCESSED | https://www.duoc.cl/nosotros/sobre-duoc/transparencia/memoria-anual/ | Status: SUCCESS | Response_Time: 0.211s | Content_Length: 203086 bytes
2025-11-06 13:09:59,368 - PROCESSED | https://www.duoc.cl/nosotros/investigacion-aplicada/ | Status: SUCCESS | Response_Time: 0.197s | Content_Length: 206442 bytes
2025-11-06 13:10:00,927 - PROCESSED | https://www.duoc.cl/reintegros/ | Status: SUCCESS | Response_Time: 0.334s | Content_Length: 263232 bytes
2025-11-06 13:10:01,124 - PROCESSED | https://www.duoc.cl/oferta-academica/ | Status: SUCCESS | Response_Time: 0.278s | Content_Length: 206579 bytes
2025-11-06 13:10:02,500 - PROCESSED | https://www.duoc.cl/vida-estudiantil/convivencia-e-inclusion/ | Status: SUCCESS | Response_Time: 0.958s | Content_Length: 225364 bytes
2025-11-06 13:10:04,428 - PROCESSED | https://www.duoc.cl/admision-2025/ | Status: SUCCESS | Response_Time: 0.215s | Content_Length: 266584 bytes
2025-11-06 13:10:04,611 - PROCESSED | https://www.duoc.cl/docentes/ | Status: SUCCESS | Response_Time: 0.205s | Content_Length: 202387 bytes
2025-11-06 13:10:05,450 - PROCESSED | https://www.duoc.cl/internacionalizacion/ | Status: SUCCESS | Response_Time: 0.879s | Content_Length: 230038 bytes
2025-11-06 13:10:07,227 - PROCESSED | https://www.duoc.cl/colaboradores/ | Status: SUCCESS | Response_Time: 0.317s | Content_Length: 199496 bytes
2025-11-06 13:10:07,620 - PROCESSED | https://www.duoc.cl/admision-convenios/                         | Status: SUCCESS | Response_Time: 0.325s | Content_Length: 333643 bytes
2025-11-06 13:10:07,650 - PROCESSED | https://www.duoc.cl/vida-estudiantil/pastoral/ | Status: SUCCESS | Response_Time: 0.332s | Content_Length: 216604 bytes
2025-11-06 13:10:09,144 - PROCESSED | https://www.duoc.cl/vida-estudiantil/unidad-de-apoyo-y-bienestar-estudiantil/ | Status: SUCCESS | Response_Time: 0.290s | Content_Length: 223860 bytes
2025-11-06 13:10:09,314 - PROCESSED | https://www.duoc.cl/escuela/gastronomia/ | Status: SUCCESS | Response_Time: 0.205s | Content_Length: 235599 bytes
2025-11-06 13:10:10,341 - PROCESSED | https://www.duoc.cl/semestrecero/ | Status: SUCCESS | Response_Time: 0.224s | Content_Length: 252019 bytes
2025-11-06 13:10:11,803 - PROCESSED | https://www.duoc.cl/portal-proveedores/ | Status: SUCCESS | Response_Time: 0.346s | Content_Length: 222865 bytes
2025-11-06 13:10:12,076 - PROCESSED | https://www.duoc.cl/biblioteca/ | Status: SUCCESS | Response_Time: 0.214s | Content_Length: 123115 bytes
2025-11-06 13:10:13,066 - PROCESSED | https://www.duoc.cl/nosotros/autoridades/ | Status: SUCCESS | Response_Time: 0.284s | Content_Length: 198378 bytes
2025-11-06 13:10:13,613 - PROCESSED | https://www.duoc.cl/empresas/ | Status: SUCCESS | Response_Time: 0.246s | Content_Length: 240631 bytes
2025-11-06 13:10:13,947 - PROCESSED | https://www.duoc.cl/admision/articulacion/ | Status: SUCCESS | Response_Time: 0.205s | Content_Length: 235798 bytes
2025-11-06 13:10:15,732 - PROCESSED | https://www.duoc.cl/contrato-servicios-educacionales/ | Status: SUCCESS | Response_Time: 0.336s | Content_Length: 191884 bytes
2025-11-06 13:10:15,824 - PROCESSED | https://www.duoc.cl/escuela/salud/ | Status: SUCCESS | Response_Time: 0.208s | Content_Length: 256358 bytes
2025-11-06 13:10:17,230 - PROCESSED | https://www.duoc.cl/admision/ | Status: SUCCESS | Response_Time: 0.201s | Content_Length: 293725 bytes
2025-11-06 13:10:19,102 - PROCESSED | https://www.duoc.cl/escuela/construccion/ | Status: SUCCESS | Response_Time: 0.231s | Content_Length: 255081 bytes
2025-11-06 13:10:19,258 - PROCESSED | https://www.duoc.cl/vida-estudiantil/titulados/ | Status: SUCCESS | Response_Time: 0.336s | Content_Length: 272523 bytes
2025-11-06 13:10:22,371 - PROCESSED | https://www.duoc.cl/politica-privacidad/ | Status: SUCCESS | Response_Time: 0.219s | Content_Length: 213617 bytes
2025-11-06 13:10:22,371 - PROCESSED | https://www.duoc.cl/contacto-admision/ | Status: SUCCESS | Response_Time: 0.222s | Content_Length: 205647 bytes
2025-11-06 13:10:23,950 - PROCESSED | https://www.duoc.cl/vida-estudiantil/ | Status: SUCCESS | Response_Time: 0.206s | Content_Length: 270902 bytes
2025-11-06 13:10:25,832 - PROCESSED | https://www.duoc.cl/escuela/comunicacion/ | Status: SUCCESS | Response_Time: 0.199s | Content_Length: 258918 bytes
2025-11-06 13:10:27,128 - PROCESSED | https://www.duoc.cl/admision/especial/ | Status: SUCCESS | Response_Time: 0.348s | Content_Length: 239298 bytes
2025-11-06 13:10:28,492 - PROCESSED | https://www.duoc.cl/duoconline/ | Status: SUCCESS | Response_Time: 0.184s | Content_Length: 121852 bytes
2025-11-06 13:10:28,946 - PROCESSED | https://www.duoc.cl/oferta-academica/cursos-diplomados/ | Status: SUCCESS | Response_Time: 0.196s | Content_Length: 222838 bytes
2025-11-06 13:10:31,464 - PROCESSED | https://www.duoc.cl/escuela/informatica-telecomunicaciones/ | Status: SUCCESS | Response_Time: 0.215s | Content_Length: 269254 bytes
2025-11-06 13:10:31,465 - PROCESSED | https://www.duoc.cl/nosotros/sobre-duoc/transparencia/ | Status: SUCCESS | Response_Time: 0.199s | Content_Length: 425272 bytes
2025-11-06 13:10:33,791 - PROCESSED | https://www.duoc.cl/vida-estudiantil/innovacion-emprendimiento/ | Status: SUCCESS | Response_Time: 0.336s | Content_Length: 243144 bytes
2025-11-06 13:10:35,149 - PROCESSED | https://www.duoc.cl/portal-de-pago/ | Status: SUCCESS | Response_Time: 0.421s | Content_Length: 191116 bytes
2025-11-06 13:10:36,308 - PROCESSED | https://www.duoc.cl/uvs/ | Status: SUCCESS | Response_Time: 0.310s | Content_Length: 251815 bytes
2025-11-06 13:10:37,912 - PROCESSED | https://www.duoc.cl/convivenciaeinclusion/ | Status: SUCCESS | Response_Time: 0.319s | Content_Length: 265043 bytes
2025-11-06 13:10:38,739 - PROCESSED | https://www.duoc.cl/nosotros/calidad-acreditacion/ | Status: SUCCESS | Response_Time: 0.337s | Content_Length: 207213 bytes
2025-11-06 13:10:40,372 - PROCESSED | https://www.duoc.cl/international-affairs/ | Status: FAILED | Response_Time: 0.000s | Content_Length: 0 bytes | Error: Failed to scrape
2025-11-06 13:10:41,360 - PROCESSED | https://www.duoc.cl/vida-estudiantil/deportes/ | Status: SUCCESS | Response_Time: 0.199s | Content_Length: 231117 bytes
2025-11-06 13:10:41,418 - PROCESSED | https://www.duoc.cl/kit-digital/ | Status: SUCCESS | Response_Time: 0.321s | Content_Length: 201307 bytes
2025-11-06 13:10:43,197 - PROCESSED | https://www.duoc.cl/admision/preguntas-frecuentes/ | Status: SUCCESS | Response_Time: 0.357s | Content_Length: 214595 bytes
2025-11-06 13:10:43,753 - PROCESSED | https://www.duoc.cl/nosotros/ | Status: SUCCESS | Response_Time: 0.197s | Content_Length: 331887 bytes
2025-11-06 13:10:44,527 - PROCESSED | https://www.duoc.cl/folleto-financiamiento/ | Status: SUCCESS | Response_Time: 0.241s | Content_Length: 209398 bytes
2025-11-06 13:10:45,418 - PROCESSED | https://www.duoc.cl/bienvenida-duoc-online/ | Status: SUCCESS | Response_Time: 0.199s | Content_Length: 305960 bytes
2025-11-06 13:10:46,234 - PROCESSED | https://www.duoc.cl/vida-estudiantil/estrategia-de-apoyo-a-los-estudiantes/ | Status: SUCCESS | Response_Time: 0.263s | Content_Length: 244579 bytes
2025-11-06 13:10:48,153 - PROCESSED | https://www.duoc.cl/escuela/ingenieria-recursos-naturales/ | Status: SUCCESS | Response_Time: 0.229s | Content_Length: 293933 bytes
2025-11-06 13:10:48,342 - PROCESSED | https://www.duoc.cl | Status: SUCCESS | Response_Time: 0.321s | Content_Length: 236419 bytes
2025-11-06 13:10:48,430 - PROCESSED | https://www.duoc.cl/escuela/administracion-negocios/ | Status: SUCCESS | Response_Time: 0.314s | Content_Length: 293555 bytes
2025-11-06 13:14:55,067 - PROCESSED | https://www.duoc.cl/nosotros/sobre-duoc/ | Status: SUCCESS | Response_Time: 0.347s | Content_Length: 199832 bytes
2025-11-06 13:14:56,362 - PROCESSED | https://www.duoc.cl/calendario-academico/ | Status: SUCCESS | Response_Time: 0.361s | Content_Length: 193848 bytes
2025-11-06 13:14:57,750 - PROCESSED | https://www.duoc.cl/proyectos-servicios/ | Status: SUCCESS | Response_Time: 0.244s | Content_Length: 236683 bytes
2025-11-06 13:14:58,947 - PROCESSED | https://www.duoc.cl/contacto/ | Status: SUCCESS | Response_Time: 0.353s | Content_Length: 205647 bytes
2025-11-06 13:15:00,889 - PROCESSED | https://www.duoc.cl/alumnos/ | Status: SUCCESS | Response_Time: 0.348s | Content_Length: 200674 bytes
2025-11-06 13:15:02,005 - PROCESSED | https://www.duoc.cl/unete-a-nuestro-equipo/ | Status: SUCCESS | Response_Time: 0.408s | Content_Length: 196050 bytes
2025-11-06 13:15:03,571 - PROCESSED | https://www.duoc.cl/escuela/turismo/ | Status: SUCCESS | Response_Time: 0.441s | Content_Length: 250594 bytes
2025-11-06 13:15:05,834 - PROCESSED | https://www.duoc.cl/oferta-academica/carreras/ | Status: SUCCESS | Response_Time: 1.611s | Content_Length: 209278 bytes
2025-11-06 13:15:06,608 - PROCESSED | https://www.duoc.cl/escuela/diseno/ | Status: SUCCESS | Response_Time: 10.637s | Content_Length: 251457 bytes
2025-11-06 13:15:06,608 - PROCESSED | https://www.duoc.cl/vida-estudiantil | Status: SUCCESS | Response_Time: 0.584s | Content_Length: 270858 bytes
2025-11-06 13:15:08,578 - PROCESSED | https://www.duoc.cl/nosotros/donde-estamos/sedes/ | Status: SUCCESS | Response_Time: 0.328s | Content_Length: 235579 bytes
2025-11-06 13:15:10,026 - PROCESSED | https://www.duoc.cl/nosotros/donde-estamos/ | Status: SUCCESS | Response_Time: 0.466s | Content_Length: 237101 bytes
2025-11-06 13:15:10,931 - PROCESSED | https://www.duoc.cl/oferta-academica/carreras/page/5/ | Status: SUCCESS | Response_Time: 1.106s | Content_Length: 209349 bytes
2025-11-06 13:15:11,316 - PROCESSED | https://www.duoc.cl/sala-de-prensa/ | Status: SUCCESS | Response_Time: 0.369s | Content_Length: 225419 bytes
2025-11-06 13:15:13,508 - PROCESSED | https://www.duoc.cl/nosotros/vinculacionconelmedio/ | Status: SUCCESS | Response_Time: 0.324s | Content_Length: 210429 bytes
2025-11-06 13:15:13,787 - PROCESSED | https://www.duoc.cl/carreras/administracion-en-turismo-y-hospitalidad-mencion-ecoturismo/ | Status: SUCCESS | Response_Time: 0.245s | Content_Length: 288715 bytes
2025-11-06 13:15:14,701 - PROCESSED | https://www.duoc.cl/nosotros/investigacion-aplicada/ | Status: SUCCESS | Response_Time: 0.348s | Content_Length: 206442 bytes
2025-11-06 13:15:15,903 - PROCESSED | https://www.duoc.cl/carreras | Status: SUCCESS | Response_Time: 0.328s | Content_Length: 209278 bytes
2025-11-06 13:15:16,768 - PROCESSED | https://www.duoc.cl/reintegros/ | Status: SUCCESS | Response_Time: 0.564s | Content_Length: 263232 bytes
2025-11-06 13:15:16,791 - PROCESSED | https://www.duoc.cl/carreras/administracion-publica-2/ | Status: SUCCESS | Response_Time: 0.230s | Content_Length: 273797 bytes
2025-11-06 13:15:18,690 - PROCESSED | https://www.duoc.cl/nosotros/sobre-duoc/transparencia/memoria-anual/ | Status: SUCCESS | Response_Time: 0.364s | Content_Length: 203086 bytes
2025-11-06 13:15:19,603 - PROCESSED | https://www.duoc.cl/oferta-academica/ | Status: SUCCESS | Response_Time: 0.320s | Content_Length: 206579 bytes
2025-11-06 13:15:19,904 - PROCESSED | https://www.duoc.cl/vida-estudiantil/convivencia-e-inclusion/ | Status: SUCCESS | Response_Time: 0.301s | Content_Length: 225364 bytes
2025-11-06 13:15:21,455 - PROCESSED | https://www.duoc.cl/internacionalizacion/ | Status: SUCCESS | Response_Time: 0.334s | Content_Length: 230081 bytes
2025-11-06 13:15:23,552 - PROCESSED | https://www.duoc.cl/admision-2025/ | Status: SUCCESS | Response_Time: 0.251s | Content_Length: 266584 bytes
2025-11-06 13:15:23,937 - PROCESSED | https://www.duoc.cl/docentes/ | Status: SUCCESS | Response_Time: 0.334s | Content_Length: 202403 bytes
2025-11-06 13:15:24,927 - PROCESSED | https://www.duoc.cl/colaboradores/ | Status: SUCCESS | Response_Time: 0.396s | Content_Length: 199496 bytes
2025-11-06 13:15:25,803 - PROCESSED | https://www.duoc.cl/vida-estudiantil/unidad-de-apoyo-y-bienestar-estudiantil/ | Status: SUCCESS | Response_Time: 0.305s | Content_Length: 223860 bytes
2025-11-06 13:15:27,072 - PROCESSED | https://www.duoc.cl/vida-estudiantil/pastoral/ | Status: SUCCESS | Response_Time: 0.432s | Content_Length: 216604 bytes
2025-11-06 13:15:27,788 - PROCESSED | https://www.duoc.cl/escuela/gastronomia/ | Status: SUCCESS | Response_Time: 0.306s | Content_Length: 235599 bytes
2025-11-06 13:15:28,257 - PROCESSED | https://www.duoc.cl/semestrecero/ | Status: SUCCESS | Response_Time: 0.317s | Content_Length: 252063 bytes
2025-11-06 13:15:29,105 - PROCESSED | https://www.duoc.cl/portal-proveedores/ | Status: SUCCESS | Response_Time: 0.360s | Content_Length: 222865 bytes
2025-11-06 13:15:31,115 - PROCESSED | https://www.duoc.cl/nosotros/autoridades/ | Status: SUCCESS | Response_Time: 0.341s | Content_Length: 198378 bytes
2025-11-06 13:15:32,147 - PROCESSED | https://www.duoc.cl/biblioteca/ | Status: SUCCESS | Response_Time: 0.312s | Content_Length: 123115 bytes
2025-11-06 13:15:32,663 - PROCESSED | https://www.duoc.cl/empresas/ | Status: SUCCESS | Response_Time: 0.345s | Content_Length: 240631 bytes
2025-11-06 13:15:33,714 - PROCESSED | https://www.duoc.cl/escuela/salud/ | Status: SUCCESS | Response_Time: 0.256s | Content_Length: 256358 bytes
2025-11-06 13:15:35,080 - PROCESSED | https://www.duoc.cl/contrato-servicios-educacionales/ | Status: SUCCESS | Response_Time: 0.338s | Content_Length: 191904 bytes
2025-11-06 13:15:36,511 - PROCESSED | https://www.duoc.cl/admision/ | Status: SUCCESS | Response_Time: 0.347s | Content_Length: 293725 bytes
2025-11-06 13:15:36,698 - PROCESSED | https://www.duoc.cl/vida-estudiantil/titulados/ | Status: SUCCESS | Response_Time: 0.387s | Content_Length: 272543 bytes
2025-11-06 13:15:38,880 - PROCESSED | https://www.duoc.cl/oferta-academica/carreras/page/4/ | Status: SUCCESS | Response_Time: 1.006s | Content_Length: 209436 bytes
2025-11-06 13:15:39,716 - PROCESSED | https://www.duoc.cl/escuela/construccion/ | Status: SUCCESS | Response_Time: 0.685s | Content_Length: 255081 bytes
2025-11-06 13:15:41,904 - PROCESSED | https://www.duoc.cl/carreras/administracion-de-empresas/ | Status: SUCCESS | Response_Time: 0.290s | Content_Length: 272521 bytes
2025-11-06 13:15:42,020 - PROCESSED | https://www.duoc.cl/contacto-admision/ | Status: SUCCESS | Response_Time: 0.313s | Content_Length: 205647 bytes
2025-11-06 13:15:43,990 - PROCESSED | https://www.duoc.cl/politica-privacidad/ | Status: SUCCESS | Response_Time: 0.322s | Content_Length: 213617 bytes
2025-11-06 13:15:44,897 - PROCESSED | https://www.duoc.cl/redes-sociales/ | Status: SUCCESS | Response_Time: 0.701s | Content_Length: 246347 bytes
2025-11-06 13:15:46,641 - PROCESSED | https://www.duoc.cl/vida-estudiantil/ | Status: SUCCESS | Response_Time: 0.300s | Content_Length: 270902 bytes
2025-11-06 13:15:48,712 - PROCESSED | https://www.duoc.cl/escuela/comunicacion/ | Status: SUCCESS | Response_Time: 0.282s | Content_Length: 258918 bytes
2025-11-06 13:15:51,590 - PROCESSED | https://www.duoc.cl/uvs/ | Status: SUCCESS | Response_Time: 0.380s | Content_Length: 251815 bytes
2025-11-06 13:15:52,272 - PROCESSED | https://www.duoc.cl/admision/especial/ | Status: SUCCESS | Response_Time: 0.288s | Content_Length: 239298 bytes
2025-11-06 13:15:53,729 - PROCESSED | https://www.duoc.cl/oferta-academica/cursos-diplomados/ | Status: SUCCESS | Response_Time: 0.463s | Content_Length: 222838 bytes
2025-11-06 13:15:55,237 - PROCESSED | https://www.duoc.cl/duoconline/ | Status: SUCCESS | Response_Time: 0.326s | Content_Length: 121852 bytes
2025-11-06 13:15:57,246 - PROCESSED | https://www.duoc.cl/escuela/informatica-telecomunicaciones/ | Status: SUCCESS | Response_Time: 0.333s | Content_Length: 269254 bytes
2025-11-06 13:15:57,517 - PROCESSED | https://www.duoc.cl/nosotros/sobre-duoc/transparencia/ | Status: SUCCESS | Response_Time: 0.323s | Content_Length: 425272 bytes
2025-11-06 13:15:59,978 - PROCESSED | https://www.duoc.cl/portal-de-pago/ | Status: SUCCESS | Response_Time: 0.363s | Content_Length: 191116 bytes
2025-11-06 13:16:00,527 - PROCESSED | https://www.duoc.cl/vida-estudiantil/innovacion-emprendimiento/ | Status: SUCCESS | Response_Time: 0.433s | Content_Length: 243144 bytes
2025-11-06 13:16:01,154 - PROCESSED | https://www.duoc.cl/international-affairs/ | Status: FAILED | Response_Time: 0.000s | Content_Length: 0 bytes | Error: Failed to scrape
2025-11-06 13:16:03,207 - PROCESSED | https://www.duoc.cl/carreras/administracion-en-turismo-y-hospitalidad-mencion-hospitality-management-2/ | Status: SUCCESS | Response_Time: 0.290s | Content_Length: 281460 bytes
2025-11-06 13:16:03,415 - PROCESSED | https://www.duoc.cl/carreras/administracion-en-turismo-y-hospitalidad-mencion-gestion-de-destinos-turisticos/ | Status: SUCCESS | Response_Time: 0.739s | Content_Length: 287621 bytes
2025-11-06 13:16:04,114 - PROCESSED | https://www.duoc.cl/carreras/analista-programador-computacional/ | Status: SUCCESS | Response_Time: 0.717s | Content_Length: 276659 bytes
2025-11-06 13:16:05,888 - PROCESSED | https://www.duoc.cl/vida-estudiantil/deportes/ | Status: SUCCESS | Response_Time: 0.301s | Content_Length: 231117 bytes
2025-11-06 13:16:06,886 - PROCESSED | https://www.duoc.cl/oferta-academica/carreras/page/11/ | Status: SUCCESS | Response_Time: 0.351s | Content_Length: 201453 bytes
2025-11-06 13:16:06,948 - PROCESSED | https://www.duoc.cl/nosotros/calidad-acreditacion/ | Status: SUCCESS | Response_Time: 0.361s | Content_Length: 207213 bytes
2025-11-06 13:16:08,734 - PROCESSED | https://www.duoc.cl/oferta-academica/carreras/page/3/ | Status: SUCCESS | Response_Time: 0.356s | Content_Length: 208855 bytes
2025-11-06 13:16:09,597 - PROCESSED | https://www.duoc.cl/kit-digital/ | Status: SUCCESS | Response_Time: 0.475s | Content_Length: 201307 bytes
2025-11-06 13:16:09,694 - PROCESSED | https://www.duoc.cl/nosotros/ | Status: SUCCESS | Response_Time: 0.399s | Content_Length: 331867 bytes
2025-11-06 13:16:11,227 - PROCESSED | https://www.duoc.cl/convivenciaeinclusion/ | Status: SUCCESS | Response_Time: 0.540s | Content_Length: 264995 bytes
2025-11-06 13:16:12,795 - PROCESSED | https://www.duoc.cl/carreras/analista-programador-2/ | Status: SUCCESS | Response_Time: 0.363s | Content_Length: 290921 bytes
2025-11-06 13:16:13,488 - PROCESSED | https://www.duoc.cl/oferta-academica/carreras/page/2/ | Status: SUCCESS | Response_Time: 0.325s | Content_Length: 208987 bytes
2025-11-06 13:16:13,630 - PROCESSED | https://www.duoc.cl/vida-estudiantil/estrategia-de-apoyo-a-los-estudiantes/ | Status: SUCCESS | Response_Time: 0.288s | Content_Length: 244579 bytes
2025-11-06 13:16:15,707 - PROCESSED | https://www.duoc.cl | Status: SUCCESS | Response_Time: 0.381s | Content_Length: 236419 bytes
2025-11-06 13:16:16,023 - PROCESSED | https://www.duoc.cl/escuela/ingenieria-recursos-naturales/ | Status: SUCCESS | Response_Time: 0.425s | Content_Length: 293933 bytes
2025-11-06 13:16:16,398 - PROCESSED | https://www.duoc.cl/bienvenida-duoc-online/ | Status: SUCCESS | Response_Time: 0.373s | Content_Length: 305960 bytes
2025-11-06 13:16:18,532 - PROCESSED | https://www.duoc.cl/escuela/administracion-negocios/ | Status: SUCCESS | Response_Time: 0.427s | Content_Length: 293527 bytes
2025-11-06 13:16:18,708 - PROCESSED | https://www.duoc.cl/carreras/administracion-en-turismo-y-hospitalidad-mencion-administracion-hotelera-2/ | Status: SUCCESS | Response_Time: 0.242s | Content_Length: 287764 bytes
2025-11-06 13:20:37,205 - PROCESSED | https://www.duoc.cl/calendario-academico/ | Status: SUCCESS | Response_Time: 0.211s | Content_Length: 193848 bytes
2025-11-06 13:20:38,730 - PROCESSED | https://www.duoc.cl/cyd/diplomado-en-control-de-gestion-estrategico/ | Status: SUCCESS | Response_Time: 0.417s | Content_Length: 214422 bytes
2025-11-06 13:20:39,200 - PROCESSED | https://www.duoc.cl/nosotros/sobre-duoc/ | Status: SUCCESS | Response_Time: 1.761s | Content_Length: 199832 bytes
2025-11-06 13:20:40,459 - PROCESSED | https://www.duoc.cl/escuela/diseno/ | Status: SUCCESS | Response_Time: 1.223s | Content_Length: 251457 bytes
2025-11-06 13:20:41,544 - PROCESSED | https://www.duoc.cl/cyd/curso-power-bi-intermedio/ | Status: SUCCESS | Response_Time: 0.209s | Content_Length: 204483 bytes
2025-11-06 13:20:42,201 - PROCESSED | https://www.duoc.cl/proyectos-servicios/ | Status: SUCCESS | Response_Time: 0.261s | Content_Length: 236683 bytes
2025-11-06 13:20:43,691 - PROCESSED | https://www.duoc.cl/contacto/ | Status: SUCCESS | Response_Time: 0.238s | Content_Length: 205647 bytes
2025-11-06 13:20:44,046 - PROCESSED | https://www.duoc.cl/alumnos/ | Status: SUCCESS | Response_Time: 0.317s | Content_Length: 200674 bytes
2025-11-06 13:20:44,687 - PROCESSED | https://www.duoc.cl/unete-a-nuestro-equipo/ | Status: SUCCESS | Response_Time: 0.360s | Content_Length: 196050 bytes
2025-11-06 13:20:46,430 - PROCESSED | https://www.duoc.cl/escuela/turismo/ | Status: SUCCESS | Response_Time: 0.272s | Content_Length: 250594 bytes
2025-11-06 13:20:47,424 - PROCESSED | https://www.duoc.cl/oferta-academica/carreras/ | Status: SUCCESS | Response_Time: 0.338s | Content_Length: 209278 bytes
2025-11-06 13:20:47,742 - PROCESSED | https://www.duoc.cl/vida-estudiantil | Status: SUCCESS | Response_Time: 0.611s | Content_Length: 270902 bytes
2025-11-06 13:20:49,215 - PROCESSED | https://www.duoc.cl/nosotros/donde-estamos/sedes/ | Status: SUCCESS | Response_Time: 0.318s | Content_Length: 235579 bytes
2025-11-06 13:20:50,248 - PROCESSED | https://www.duoc.cl/nosotros/donde-estamos/ | Status: SUCCESS | Response_Time: 0.449s | Content_Length: 237101 bytes
2025-11-06 13:20:51,395 - PROCESSED | https://www.duoc.cl/sala-de-prensa/ | Status: SUCCESS | Response_Time: 0.202s | Content_Length: 225419 bytes
2025-11-06 13:20:51,585 - PROCESSED | https://www.duoc.cl/nosotros/vinculacionconelmedio/ | Status: SUCCESS | Response_Time: 0.392s | Content_Length: 210429 bytes
2025-11-06 13:20:52,340 - PROCESSED | https://www.duoc.cl/nosotros/investigacion-aplicada/ | Status: SUCCESS | Response_Time: 0.325s | Content_Length: 206442 bytes
2025-11-06 13:20:53,567 - PROCESSED | https://www.duoc.cl/nosotros/sobre-duoc/transparencia/memoria-anual/ | Status: SUCCESS | Response_Time: 0.256s | Content_Length: 203086 bytes
2025-11-06 13:20:54,458 - PROCESSED | https://www.duoc.cl/reintegros/ | Status: SUCCESS | Response_Time: 0.202s | Content_Length: 263232 bytes
2025-11-06 13:20:55,159 - PROCESSED | https://www.duoc.cl/oferta-academica/ | Status: SUCCESS | Response_Time: 0.314s | Content_Length: 206579 bytes
2025-11-06 13:20:55,421 - PROCESSED | https://www.duoc.cl/vida-estudiantil/convivencia-e-inclusion/ | Status: SUCCESS | Response_Time: 0.292s | Content_Length: 225364 bytes
2025-11-06 13:20:56,689 - PROCESSED | https://www.duoc.cl/internacionalizacion/ | Status: SUCCESS | Response_Time: 0.246s | Content_Length: 230081 bytes
2025-11-06 13:20:58,024 - PROCESSED | https://www.duoc.cl/admision-2025/ | Status: SUCCESS | Response_Time: 0.268s | Content_Length: 266584 bytes
2025-11-06 13:21:00,211 - PROCESSED | https://www.duoc.cl/docentes/ | Status: SUCCESS | Response_Time: 0.485s | Content_Length: 202403 bytes
2025-11-06 13:21:01,217 - PROCESSED | https://www.duoc.cl/colaboradores/ | Status: SUCCESS | Response_Time: 0.314s | Content_Length: 199496 bytes
2025-11-06 13:21:03,360 - PROCESSED | https://www.duoc.cl/vida-estudiantil/pastoral/ | Status: SUCCESS | Response_Time: 0.466s | Content_Length: 216604 bytes
2025-11-06 13:21:03,648 - PROCESSED | https://www.duoc.cl/vida-estudiantil/unidad-de-apoyo-y-bienestar-estudiantil/ | Status: SUCCESS | Response_Time: 0.227s | Content_Length: 223860 bytes
2025-11-06 13:21:05,723 - PROCESSED | https://www.duoc.cl/escuela/gastronomia/ | Status: SUCCESS | Response_Time: 0.294s | Content_Length: 235599 bytes
2025-11-06 13:21:06,023 - PROCESSED | https://www.duoc.cl/semestrecero/ | Status: SUCCESS | Response_Time: 0.202s | Content_Length: 252063 bytes
2025-11-06 13:21:08,470 - PROCESSED | https://www.duoc.cl/portal-proveedores/ | Status: SUCCESS | Response_Time: 0.238s | Content_Length: 222865 bytes
2025-11-06 13:21:09,019 - PROCESSED | https://www.duoc.cl/biblioteca/ | Status: SUCCESS | Response_Time: 0.310s | Content_Length: 123115 bytes
2025-11-06 13:21:11,924 - PROCESSED | https://www.duoc.cl/empresas/ | Status: SUCCESS | Response_Time: 0.329s | Content_Length: 240631 bytes
2025-11-06 13:21:12,168 - PROCESSED | https://www.duoc.cl/nosotros/autoridades/ | Status: SUCCESS | Response_Time: 0.618s | Content_Length: 198378 bytes
2025-11-06 13:21:14,635 - PROCESSED | https://www.duoc.cl/contrato-servicios-educacionales/ | Status: SUCCESS | Response_Time: 0.334s | Content_Length: 191904 bytes
2025-11-06 13:21:15,528 - PROCESSED | https://www.duoc.cl/escuela/salud/ | Status: SUCCESS | Response_Time: 0.270s | Content_Length: 256358 bytes
2025-11-06 13:21:17,536 - PROCESSED | https://www.duoc.cl/admision/ | Status: SUCCESS | Response_Time: 0.209s | Content_Length: 293725 bytes
2025-11-06 13:21:18,079 - PROCESSED | https://www.duoc.cl/vida-estudiantil/titulados/ | Status: SUCCESS | Response_Time: 0.323s | Content_Length: 272543 bytes
2025-11-06 13:21:19,160 - PROCESSED | https://www.duoc.cl/programas-internacionales/ | Status: FAILED | Response_Time: 0.000s | Content_Length: 0 bytes | Error: Failed to scrape
2025-11-06 13:21:21,465 - PROCESSED | https://www.duoc.cl/escuela/construccion/ | Status: SUCCESS | Response_Time: 0.320s | Content_Length: 255081 bytes
2025-11-06 13:21:22,537 - PROCESSED | https://www.duoc.cl/contacto-admision/ | Status: SUCCESS | Response_Time: 0.199s | Content_Length: 205647 bytes
2025-11-06 13:21:23,965 - PROCESSED | https://www.duoc.cl/politica-privacidad/ | Status: SUCCESS | Response_Time: 0.367s | Content_Length: 213617 bytes
2025-11-06 13:21:25,375 - PROCESSED | https://www.duoc.cl/redes-sociales/ | Status: SUCCESS | Response_Time: 0.405s | Content_Length: 246366 bytes
2025-11-06 13:21:26,812 - PROCESSED | https://www.duoc.cl/vida-estudiantil/ | Status: SUCCESS | Response_Time: 0.268s | Content_Length: 270902 bytes
2025-11-06 13:21:28,540 - PROCESSED | https://www.duoc.cl/escuela/comunicacion/ | Status: SUCCESS | Response_Time: 0.360s | Content_Length: 258918 bytes
2025-11-06 13:21:30,352 - PROCESSED | https://www.duoc.cl/admision/especial/ | Status: SUCCESS | Response_Time: 0.241s | Content_Length: 239298 bytes
2025-11-06 13:21:31,547 - PROCESSED | https://www.duoc.cl/oferta-academica/cursos-diplomados/ | Status: SUCCESS | Response_Time: 0.361s | Content_Length: 222838 bytes
2025-11-06 13:21:33,551 - PROCESSED | https://www.duoc.cl/duoconline/ | Status: SUCCESS | Response_Time: 0.331s | Content_Length: 121852 bytes
2025-11-06 13:21:36,042 - PROCESSED | https://www.duoc.cl/nosotros/sobre-duoc/transparencia/ | Status: SUCCESS | Response_Time: 0.462s | Content_Length: 425273 bytes
2025-11-06 13:21:37,077 - PROCESSED | https://www.duoc.cl/escuela/informatica-telecomunicaciones/ | Status: SUCCESS | Response_Time: 0.341s | Content_Length: 269254 bytes
2025-11-06 13:21:38,388 - PROCESSED | https://www.duoc.cl/vida-estudiantil/innovacion-emprendimiento/ | Status: SUCCESS | Response_Time: 0.394s | Content_Length: 243144 bytes
2025-11-06 13:21:39,932 - PROCESSED | https://www.duoc.cl/portal-de-pago/ | Status: SUCCESS | Response_Time: 0.348s | Content_Length: 191116 bytes
2025-11-06 13:21:41,767 - PROCESSED | https://www.duoc.cl/carreras/ | Status: SUCCESS | Response_Time: 0.339s | Content_Length: 209278 bytes
2025-11-06 13:21:42,970 - PROCESSED | https://www.duoc.cl/uvs/ | Status: SUCCESS | Response_Time: 0.315s | Content_Length: 251815 bytes
2025-11-06 13:21:43,299 - PROCESSED | https://www.duoc.cl/international-affairs/ | Status: FAILED | Response_Time: 0.000s | Content_Length: 0 bytes | Error: Failed to scrape
2025-11-06 13:21:43,934 - PROCESSED | https://www.duoc.cl/nosotros/calidad-acreditacion/ | Status: SUCCESS | Response_Time: 0.321s | Content_Length: 207213 bytes
2025-11-06 13:21:45,682 - PROCESSED | https://www.duoc.cl/kit-digital/ | Status: SUCCESS | Response_Time: 0.389s | Content_Length: 201287 bytes
2025-11-06 13:21:45,786 - PROCESSED | https://www.duoc.cl/vida-estudiantil/deportes/ | Status: SUCCESS | Response_Time: 0.455s | Content_Length: 231117 bytes
2025-11-06 13:21:46,154 - PROCESSED | https://www.duoc.cl/convivenciaeinclusion/ | Status: SUCCESS | Response_Time: 0.252s | Content_Length: 265043 bytes
2025-11-06 13:21:47,724 - PROCESSED | https://www.duoc.cl/nosotros/ | Status: SUCCESS | Response_Time: 0.211s | Content_Length: 331887 bytes
2025-11-06 13:21:49,236 - PROCESSED | https://www.duoc.cl/oferta-academica | Status: SUCCESS | Response_Time: 0.321s | Content_Length: 206579 bytes
2025-11-06 13:21:50,042 - PROCESSED | https://www.duoc.cl/cyd/curso-lengua-de-senas-chilena/ | Status: SUCCESS | Response_Time: 0.356s | Content_Length: 203690 bytes
2025-11-06 13:21:52,482 - PROCESSED | https://www.duoc.cl/bienvenida-duoc-online/ | Status: SUCCESS | Response_Time: 0.243s | Content_Length: 305960 bytes
2025-11-06 13:21:52,866 - PROCESSED | https://www.duoc.cl/vida-estudiantil/estrategia-de-apoyo-a-los-estudiantes/ | Status: SUCCESS | Response_Time: 0.424s | Content_Length: 244579 bytes
2025-11-06 13:21:56,325 - PROCESSED | https://www.duoc.cl | Status: SUCCESS | Response_Time: 0.314s | Content_Length: 236419 bytes
2025-11-06 13:21:56,339 - PROCESSED | https://www.duoc.cl/escuela/ingenieria-recursos-naturales/ | Status: SUCCESS | Response_Time: 0.315s | Content_Length: 293933 bytes
2025-11-06 13:21:59,243 - PROCESSED | https://www.duoc.cl/escuela/administracion-negocios/ | Status: SUCCESS | Response_Time: 0.231s | Content_Length: 293555 bytes
2025-11-06 13:22:07,939 - PROCESSED | https://www.duoc.cl/formato-semipresencial/ | Status: FAILED | Response_Time: 0.000s | Content_Length: 0 bytes | Error: Failed to scrape
